<?xml version="1.0" encoding="UTF-8"?>
<!-- Generated by org.testng.reporters.JUnitXMLReporter -->
<testsuite ignored="0" hostname="DESKTOP-UV1O9DM" failures="0" tests="1" name="Default test(failed)" time="0.193" errors="0" timestamp="2023-01-16T03:36:36 GMT-05:00">
  <testcase classname="All_TestClasses.Test_Admin_Create_Business" name="@BeforeMethod Login" time="0.003">
    <failure type="java.lang.NullPointerException" message="Cannot invoke &amp;quot;org.openqa.selenium.SearchContext.findElement(org.openqa.selenium.By)&amp;quot; because &amp;quot;this.searchContext&amp;quot; is null">
      <![CDATA[java.lang.NullPointerException: Cannot invoke "org.openqa.selenium.SearchContext.findElement(org.openqa.selenium.By)" because "this.searchContext" is null
at org.openqa.selenium.support.pagefactory.DefaultElementLocator.findElement(DefaultElementLocator.java:70)
at org.openqa.selenium.support.pagefactory.internal.LocatingElementHandler.invoke(LocatingElementHandler.java:39)
at jdk.proxy2/jdk.proxy2.$Proxy14.sendKeys(Unknown Source)
at Admin_Business.Admin_Login1.EnterUN(Admin_Login1.java:22)
at All_TestClasses.Test_Admin_Create_Business.Login(Test_Admin_Create_Business.java:33)
at java.base/java.util.ArrayList.forEach(ArrayList.java:1511)
... Removed 31 stack frames]]>
    </failure>
  </testcase> <!-- @BeforeMethod Login -->
  <testcase classname="All_TestClasses.Test_Admin_Create_Business" name="@AfterMethod LogOut" time="-1.673858196201E9">
    <skipped/>
  </testcase> <!-- @AfterMethod LogOut -->
  <testcase classname="All_TestClasses.Test_Admin_Create_Business" name="@AfterClass Close_Brouser" time="-1.673858196207E9">
    <skipped/>
  </testcase> <!-- @AfterClass Close_Brouser -->
  <testcase classname="All_TestClasses.Test_Admin_Create_Business" name="Tc1" time="0.0">
    <skipped/>
  </testcase> <!-- Tc1 -->
</testsuite> <!-- Default test(failed) -->
