<?xml version="1.0" encoding="UTF-8"?>
<!-- Generated by org.testng.reporters.JUnitXMLReporter -->
<testsuite ignored="0" hostname="LP-Dipali" failures="1" tests="1" name="Add Payment Details" time="82.484" errors="0" timestamp="2024-08-22T12:34:19 GMT-04:00">
  <testcase classname="com.bookingzone.admin.createbussiness_outlets.tests.TC002OutletCreation" name="testOutletCreation" time="42.864">
    <failure type="java.lang.AssertionError" message="Test case failed due to exception: Expected condition failed: waiting for element to be clickable: Proxy element for: DefaultElementLocator &amp;apos;By.xpath: //tbody/tr[1]/td[7]/a[1]/span[1]/*[1]&amp;apos; (tried for 30 second(s) with 500 milliseconds interval)">
      <![CDATA[java.lang.AssertionError: Test case failed due to exception: Expected condition failed: waiting for element to be clickable: Proxy element for: DefaultElementLocator 'By.xpath: //tbody/tr[1]/td[7]/a[1]/span[1]/*[1]' (tried for 30 second(s) with 500 milliseconds interval)
at com.bookingzone.admin.createbussiness_outlets.tests.TC002OutletCreation.handleException(TC002OutletCreation.java:198)
at com.bookingzone.admin.createbussiness_outlets.tests.TC002OutletCreation.testOutletCreation(TC002OutletCreation.java:122)
at java.base/java.util.ArrayList.forEach(ArrayList.java:1511)
... Removed 28 stack frames]]>
    </failure>
  </testcase> <!-- testOutletCreation -->
</testsuite> <!-- Add Payment Details -->
