<?xml version="1.0" encoding="UTF-8"?>
<!-- Generated by org.testng.reporters.JUnitXMLReporter -->
<<<<<<< HEAD
<testsuite ignored="0" hostname="LP-Dipali" failures="1" tests="1" name="Admin_Edit_UpdateTime" time="167.767" errors="0" timestamp="2024-03-27T07:19:35 GMT-04:00">
  <testcase classname="All_TestClasses.TC014_EditTime_UpdateSameTime" name="Admin_Edit_UpdateTime" time="141.742">
    <failure type="java.lang.AssertionError" message="Updated Time of the booking is did not expect [(April 22, 2024), 1 Hour , 05:00 AM] but found [(April 22, 2024), 1 Hour , 05:00 AM]">
      <![CDATA[java.lang.AssertionError: Updated Time of the booking is did not expect [(April 22, 2024), 1 Hour , 05:00 AM] but found [(April 22, 2024), 1 Hour , 05:00 AM]
at All_TestClasses.TC014_EditTime_UpdateSameTime.Admin_Edit_UpdateTime(TC014_EditTime_UpdateSameTime.java:262)
at java.base/java.util.ArrayList.forEach(ArrayList.java:1511)
... Removed 31 stack frames]]>
=======
<testsuite ignored="0" hostname="INNODEED" failures="1" tests="1" name="Admin_Edit_UpdateTime" time="1052.5" errors="0" timestamp="2023-08-03T01:39:54 GMT-04:00">
  <testcase classname="All_TestClasses.TestAdmin_EditTime_UpdateSameTime" name="Admin_Edit_UpdateTime" time="987.485">
    <failure type="org.openqa.selenium.WebDriverException" message="disconnected: unable to send message to renderer
  (failed to check if window was closed: disconnected: not connected to DevTools)
  (Session info: chrome=115.0.5790.110)
Build info: version: &amp;apos;4.4.0&amp;apos;, revision: &amp;apos;e5c75ed026a&amp;apos;
System info: host: &amp;apos;INNODEED&amp;apos;, ip: &amp;apos;192.168.43.65&amp;apos;, os.name: &amp;apos;Windows 11&amp;apos;, os.arch: &amp;apos;amd64&amp;apos;, os.version: &amp;apos;10.0&amp;apos;, java.version: &amp;apos;17.0.2&amp;apos;
Driver info: org.openqa.selenium.chrome.ChromeDriver
Command: [ee0548e61f6c9feb52279fac589ef31b, findElement {using=xpath, value=//div[@id=&amp;apos;notistack-snackbar&amp;apos;]}]
Capabilities {acceptInsecureCerts: false, browserName: chrome, browserVersion: 115.0.5790.110, chrome: {chromedriverVersion: 114.0.5735.90 (386bc09e8f4f..., userDataDir: C:\Users\dipal\AppData\Loca...}, goog:chromeOptions: {debuggerAddress: localhost:56781}, networkConnectionEnabled: false, pageLoadStrategy: normal, platformName: WINDOWS, proxy: Proxy(), se:cdp: ws://localhost:56781/devtoo..., se:cdpVersion: 115.0.5790.110, setWindowRect: true, strictFileInteractability: false, timeouts: {implicit: 0, pageLoad: 300000, script: 30000}, unhandledPromptBehavior: dismiss and notify, webauthn:extension:credBlob: true, webauthn:extension:largeBlob: true, webauthn:extension:minPinLength: true, webauthn:extension:prf: true, webauthn:virtualAuthenticators: true}
Session ID: ee0548e61f6c9feb52279fac589ef31b">
      <![CDATA[org.openqa.selenium.WebDriverException: disconnected: unable to send message to renderer
  (failed to check if window was closed: disconnected: not connected to DevTools)
  (Session info: chrome=115.0.5790.110)
Build info: version: '4.4.0', revision: 'e5c75ed026a'
System info: host: 'INNODEED', ip: '192.168.43.65', os.name: 'Windows 11', os.arch: 'amd64', os.version: '10.0', java.version: '17.0.2'
Driver info: org.openqa.selenium.chrome.ChromeDriver
Command: [ee0548e61f6c9feb52279fac589ef31b, findElement {using=xpath, value=//div[@id='notistack-snackbar']}]
Capabilities {acceptInsecureCerts: false, browserName: chrome, browserVersion: 115.0.5790.110, chrome: {chromedriverVersion: 114.0.5735.90 (386bc09e8f4f..., userDataDir: C:\Users\dipal\AppData\Loca...}, goog:chromeOptions: {debuggerAddress: localhost:56781}, networkConnectionEnabled: false, pageLoadStrategy: normal, platformName: WINDOWS, proxy: Proxy(), se:cdp: ws://localhost:56781/devtoo..., se:cdpVersion: 115.0.5790.110, setWindowRect: true, strictFileInteractability: false, timeouts: {implicit: 0, pageLoad: 300000, script: 30000}, unhandledPromptBehavior: dismiss and notify, webauthn:extension:credBlob: true, webauthn:extension:largeBlob: true, webauthn:extension:minPinLength: true, webauthn:extension:prf: true, webauthn:virtualAuthenticators: true}
Session ID: ee0548e61f6c9feb52279fac589ef31b
at org.openqa.selenium.remote.codec.w3c.W3CHttpResponseCodec.createException(W3CHttpResponseCodec.java:200)
at org.openqa.selenium.remote.codec.w3c.W3CHttpResponseCodec.decode(W3CHttpResponseCodec.java:133)
at org.openqa.selenium.remote.codec.w3c.W3CHttpResponseCodec.decode(W3CHttpResponseCodec.java:53)
at org.openqa.selenium.remote.HttpCommandExecutor.execute(HttpCommandExecutor.java:184)
at org.openqa.selenium.remote.service.DriverCommandExecutor.invokeExecute(DriverCommandExecutor.java:167)
at org.openqa.selenium.remote.service.DriverCommandExecutor.execute(DriverCommandExecutor.java:142)
at org.openqa.selenium.remote.RemoteWebDriver.execute(RemoteWebDriver.java:547)
at org.openqa.selenium.remote.ElementLocation$ElementFinder$2.findElement(ElementLocation.java:162)
at org.openqa.selenium.remote.ElementLocation.findElement(ElementLocation.java:60)
at org.openqa.selenium.remote.RemoteWebDriver.findElement(RemoteWebDriver.java:365)
at org.openqa.selenium.remote.RemoteWebDriver.findElement(RemoteWebDriver.java:357)
at All_TestClasses.TestAdmin_EditTime_UpdateSameTime.Admin_Edit_UpdateTime(TestAdmin_EditTime_UpdateSameTime.java:280)
at java.base/java.util.ArrayList.forEach(ArrayList.java:1511)
... Removed 32 stack frames]]>
>>>>>>> origin/master
    </failure>
  </testcase> <!-- Admin_Edit_UpdateTime -->
</testsuite> <!-- Admin_Edit_UpdateTime -->
