<?xml version="1.0" encoding="UTF-8"?>
<!-- Generated by org.testng.reporters.JUnitXMLReporter -->
<<<<<<< HEAD
<testsuite ignored="0" hostname="LP-Dipali" failures="0" tests="1" name="Admin_EditTime_CreateNewBooking" time="270.812" errors="0" timestamp="2024-03-27T07:16:47 GMT-04:00">
  <testcase classname="All_TestClasses.TC013_EditTime_CreateNewBooking" name="Admin_EditTime_CreateNewBooking" time="246.968"/>
=======
<testsuite ignored="0" hostname="INNODEED" failures="1" tests="1" name="Admin_EditTime_CreateNewBooking" time="242.444" errors="0" timestamp="2023-08-03T01:22:21 GMT-04:00">
  <testcase classname="All_TestClasses.TestAdmin_EditTime_CreateNewBooking" name="Admin_EditTime_CreateNewBooking" time="174.548">
    <failure type="java.lang.AssertionError" message="expected [Booking status updated successfully] but found []">
      <![CDATA[java.lang.AssertionError: expected [Booking status updated successfully] but found []
at All_TestClasses.TestAdmin_EditTime_CreateNewBooking.Admin_EditTime_CreateNewBooking(TestAdmin_EditTime_CreateNewBooking.java:322)
at java.base/java.util.ArrayList.forEach(ArrayList.java:1511)
... Removed 33 stack frames]]>
    </failure>
  </testcase> <!-- Admin_EditTime_CreateNewBooking -->
>>>>>>> origin/master
</testsuite> <!-- Admin_EditTime_CreateNewBooking -->
