<?xml version="1.0" encoding="UTF-8"?>
<!-- Generated by org.testng.reporters.JUnitXMLReporter -->
<testsuite ignored="2" hostname="LP-Dipali" failures="1" tests="2" name="Booking Tests" time="96.234" errors="0" timestamp="2024-09-13T03:30:41 GMT-04:00">
  <testcase classname="com.bookingzone.admin.FullPayment.TC001FullCardPayment" name="testCreateBookingWithCardPayment" time="82.977"/>
  <testcase classname="com.bookingzone.admin.FullPayment.TC001_EditFullCardPayBooking" name="testChangeBookingStatusToInProgress" time="11.553">
    <failure type="java.lang.AssertionError" message="Test case failed due to exception: no such element: Unable to locate element: {&amp;quot;method&amp;quot;:&amp;quot;xpath&amp;quot;,&amp;quot;selector&amp;quot;:&amp;quot;//button//span[text()=&amp;apos;Yes&amp;apos;]&amp;quot;}
  (Session info: chrome=128.0.6613.138)
For documentation on this error, please visit: https://www.selenium.dev/documentation/webdriver/troubleshooting/errors#no-such-element-exception
Build info: version: &amp;apos;4.18.1&amp;apos;, revision: &amp;apos;b1d3319b48&amp;apos;
System info: os.name: &amp;apos;Windows 11&amp;apos;, os.arch: &amp;apos;amd64&amp;apos;, os.version: &amp;apos;10.0&amp;apos;, java.version: &amp;apos;17.0.6&amp;apos;
Driver info: org.openqa.selenium.chrome.ChromeDriver
Command: [83aadf645f6a2e578ca864589512dc26, findElement {using=xpath, value=//button//span[text()=&amp;apos;Yes&amp;apos;]}]
Capabilities {acceptInsecureCerts: false, browserName: chrome, browserVersion: 128.0.6613.138, chrome: {chromedriverVersion: 128.0.6613.137 (fe621c5aa2d..., userDataDir: C:\Users\dipal\AppData\Loca...}, fedcm:accounts: true, goog:chromeOptions: {debuggerAddress: localhost:65187}, networkConnectionEnabled: false, pageLoadStrategy: normal, platformName: windows, proxy: Proxy(), se:cdp: ws://localhost:65187/devtoo..., se:cdpVersion: 128.0.6613.138, setWindowRect: true, strictFileInteractability: false, timeouts: {implicit: 0, pageLoad: 300000, script: 30000}, unhandledPromptBehavior: dismiss and notify, webauthn:extension:credBlob: true, webauthn:extension:largeBlob: true, webauthn:extension:minPinLength: true, webauthn:extension:prf: true, webauthn:virtualAuthenticators: true}
Session ID: 83aadf645f6a2e578ca864589512dc26">
      <![CDATA[java.lang.AssertionError: Test case failed due to exception: no such element: Unable to locate element: {"method":"xpath","selector":"//button//span[text()='Yes']"}
  (Session info: chrome=128.0.6613.138)
For documentation on this error, please visit: https://www.selenium.dev/documentation/webdriver/troubleshooting/errors#no-such-element-exception
Build info: version: '4.18.1', revision: 'b1d3319b48'
System info: os.name: 'Windows 11', os.arch: 'amd64', os.version: '10.0', java.version: '17.0.6'
Driver info: org.openqa.selenium.chrome.ChromeDriver
Command: [83aadf645f6a2e578ca864589512dc26, findElement {using=xpath, value=//button//span[text()='Yes']}]
Capabilities {acceptInsecureCerts: false, browserName: chrome, browserVersion: 128.0.6613.138, chrome: {chromedriverVersion: 128.0.6613.137 (fe621c5aa2d..., userDataDir: C:\Users\dipal\AppData\Loca...}, fedcm:accounts: true, goog:chromeOptions: {debuggerAddress: localhost:65187}, networkConnectionEnabled: false, pageLoadStrategy: normal, platformName: windows, proxy: Proxy(), se:cdp: ws://localhost:65187/devtoo..., se:cdpVersion: 128.0.6613.138, setWindowRect: true, strictFileInteractability: false, timeouts: {implicit: 0, pageLoad: 300000, script: 30000}, unhandledPromptBehavior: dismiss and notify, webauthn:extension:credBlob: true, webauthn:extension:largeBlob: true, webauthn:extension:minPinLength: true, webauthn:extension:prf: true, webauthn:virtualAuthenticators: true}
Session ID: 83aadf645f6a2e578ca864589512dc26
at com.bookingzone.admin.FullPayment.TC001_EditFullCardPayBooking.handleException(TC001_EditFullCardPayBooking.java:100)
at com.bookingzone.admin.FullPayment.TC001_EditFullCardPayBooking.testChangeBookingStatusToInProgress(TC001_EditFullCardPayBooking.java:71)
at java.base/java.util.ArrayList.forEach(ArrayList.java:1511)
... Removed 28 stack frames]]>
    </failure>
  </testcase> <!-- testChangeBookingStatusToInProgress -->
  <testcase classname="com.bookingzone.admin.pages.BaseClass" name="@AfterSuite teardownSuite" time="0.0">
    <ignored/>
  </testcase> <!-- @AfterSuite teardownSuite -->
  <testcase classname="com.bookingzone.admin.pages.BaseClass" name="@BeforeSuite initialiseBrowser" time="0.0">
    <ignored/>
  </testcase> <!-- @BeforeSuite initialiseBrowser -->
</testsuite> <!-- Booking Tests -->
