<?xml version="1.0" encoding="UTF-8"?>
<!-- Generated by org.testng.reporters.JUnitXMLReporter -->
<testsuite ignored="1" hostname="DESKTOP-OEVFJIS" failures="1" tests="1" name="Business_Creation" time="10.38" errors="0" timestamp="2023-03-09T03:50:02 GMT-05:00">
  <testcase classname="All_TestClasses.TestAdmin_CreateBusiness_Outlet" name="@BeforeTest Open_Brouser" time="10.185">
    <failure type="org.openqa.selenium.remote.http.ConnectionFailedException" message="Unable to establish websocket connection to http://localhost:64231/devtools/browser/8080036a-e6d4-475c-992e-e7d89840dd6e
Build info: version: &amp;apos;4.7.1&amp;apos;, revision: &amp;apos;c6795baf1a3&amp;apos;
System info: os.name: &amp;apos;Windows 10&amp;apos;, os.arch: &amp;apos;amd64&amp;apos;, os.version: &amp;apos;10.0&amp;apos;, java.version: &amp;apos;17.0.2&amp;apos;
Driver info: driver.version: ChromeDriver">
      <![CDATA[org.openqa.selenium.remote.http.ConnectionFailedException: Unable to establish websocket connection to http://localhost:64231/devtools/browser/8080036a-e6d4-475c-992e-e7d89840dd6e
Build info: version: '4.7.1', revision: 'c6795baf1a3'
System info: os.name: 'Windows 10', os.arch: 'amd64', os.version: '10.0', java.version: '17.0.2'
Driver info: driver.version: ChromeDriver
at org.openqa.selenium.remote.http.netty.NettyWebSocket.<init>(NettyWebSocket.java:102)
at org.openqa.selenium.remote.http.netty.NettyWebSocket.lambda$create$3(NettyWebSocket.java:128)
at org.openqa.selenium.remote.http.netty.NettyClient.openSocket(NettyClient.java:107)
at org.openqa.selenium.devtools.Connection.<init>(Connection.java:78)
at org.openqa.selenium.chromium.ChromiumDriver.lambda$new$2(ChromiumDriver.java:116)
at java.base/java.util.Optional.map(Optional.java:260)
at org.openqa.selenium.chromium.ChromiumDriver.<init>(ChromiumDriver.java:114)
at org.openqa.selenium.chrome.ChromeDriver.<init>(ChromeDriver.java:81)
at org.openqa.selenium.chrome.ChromeDriver.<init>(ChromeDriver.java:49)
at Admin_Business.A_Base_Class.Initialise_Brouser(A_Base_Class.java:46)
at All_TestClasses.TestAdmin_CreateBusiness_Outlet.Open_Brouser(TestAdmin_CreateBusiness_Outlet.java:50)
... Removed 24 stack frames]]>
    </failure>
  </testcase> <!-- @BeforeTest Open_Brouser -->
  <testcase classname="Admin_Business.A_Base_Class" name="@AfterTest teardown" time="-1.678351802191E9">
    <skipped/>
  </testcase> <!-- @AfterTest teardown -->
  <testcase classname="All_TestClasses.TestAdmin_CreateBusiness_Outlet" name="Business_Creation" time="0.0">
    <failure type="org.testng.TestNGException" message="
Cannot inject @Test annotated Method [Business_Creation] with [interface org.openqa.selenium.WebDriver].
For more information on native dependency injection please refer to https://testng.org/doc/documentation-main.html#native-dependency-injection">
      <![CDATA[org.testng.TestNGException: 
Cannot inject @Test annotated Method [Business_Creation] with [interface org.openqa.selenium.WebDriver].
For more information on native dependency injection please refer to https://testng.org/doc/documentation-main.html#native-dependency-injection
at java.base/java.util.ArrayList.forEach(ArrayList.java:1511)
... Removed 26 stack frames]]>
    </failure>
  </testcase> <!-- Business_Creation -->
  <testcase classname="All_TestClasses.TestAdmin_CreateBusiness_Outlet" name="Outlet_Creation" time="0.0">
    <ignored/>
  </testcase> <!-- Outlet_Creation -->
</testsuite> <!-- Business_Creation -->
