<?xml version="1.0" encoding="UTF-8"?>
<!-- Generated by org.testng.reporters.JUnitXMLReporter -->
<testsuite ignored="0" hostname="DESKTOP-OEVFJIS" failures="0" tests="1" name="Create_Booking_CreateBTN_ViaCard" time="12.901" errors="0" timestamp="2023-03-09T07:34:37 GMT-05:00">
  <testcase classname="All_TestClasses.TestCreate_Booking_paymentCard" name="@BeforeClass Open_Brouser" time="12.713">
    <failure type="org.openqa.selenium.remote.http.ConnectionFailedException" message="Unable to establish websocket connection to http://localhost:50928/devtools/browser/779bb70a-03ed-43ee-91ff-9c2e9a76da84
Build info: version: &amp;apos;4.7.1&amp;apos;, revision: &amp;apos;c6795baf1a3&amp;apos;
System info: os.name: &amp;apos;Windows 10&amp;apos;, os.arch: &amp;apos;amd64&amp;apos;, os.version: &amp;apos;10.0&amp;apos;, java.version: &amp;apos;17.0.2&amp;apos;
Driver info: driver.version: ChromeDriver">
      <![CDATA[org.openqa.selenium.remote.http.ConnectionFailedException: Unable to establish websocket connection to http://localhost:50928/devtools/browser/779bb70a-03ed-43ee-91ff-9c2e9a76da84
Build info: version: '4.7.1', revision: 'c6795baf1a3'
System info: os.name: 'Windows 10', os.arch: 'amd64', os.version: '10.0', java.version: '17.0.2'
Driver info: driver.version: ChromeDriver
at org.openqa.selenium.remote.http.netty.NettyWebSocket.<init>(NettyWebSocket.java:102)
at org.openqa.selenium.remote.http.netty.NettyWebSocket.lambda$create$3(NettyWebSocket.java:128)
at org.openqa.selenium.remote.http.netty.NettyClient.openSocket(NettyClient.java:107)
at org.openqa.selenium.devtools.Connection.<init>(Connection.java:78)
at org.openqa.selenium.chromium.ChromiumDriver.lambda$new$2(ChromiumDriver.java:116)
at java.base/java.util.Optional.map(Optional.java:260)
at org.openqa.selenium.chromium.ChromiumDriver.<init>(ChromiumDriver.java:114)
at org.openqa.selenium.chrome.ChromeDriver.<init>(ChromeDriver.java:81)
at org.openqa.selenium.chrome.ChromeDriver.<init>(ChromeDriver.java:49)
at Admin_Business.A_Base_Class.Initialise_Brouser(A_Base_Class.java:46)
at All_TestClasses.TestCreate_Booking_paymentCard.Open_Brouser(TestCreate_Booking_paymentCard.java:40)
at java.base/java.util.ArrayList.forEach(ArrayList.java:1511)
... Removed 25 stack frames]]>
    </failure>
  </testcase> <!-- @BeforeClass Open_Brouser -->
  <testcase classname="All_TestClasses.TestCreate_Booking_paymentCard" name="@BeforeMethod Login" time="-1.678365277683E9">
    <skipped/>
  </testcase> <!-- @BeforeMethod Login -->
  <testcase classname="Admin_Business.A_Base_Class" name="@AfterMethod checkStatus" time="-1.678365277712E9">
    <skipped/>
  </testcase> <!-- @AfterMethod checkStatus -->
  <testcase classname="Admin_Business.A_Base_Class" name="@AfterTest teardown" time="-1.678365277728E9">
    <skipped/>
  </testcase> <!-- @AfterTest teardown -->
  <testcase classname="All_TestClasses.TestCreate_Booking_paymentCard" name="Create_Booking_CreateBTN_ViaCard" time="0.0">
    <skipped/>
  </testcase> <!-- Create_Booking_CreateBTN_ViaCard -->
</testsuite> <!-- Create_Booking_CreateBTN_ViaCard -->
