<?xml version="1.0" encoding="UTF-8"?>
<!-- Generated by org.testng.reporters.JUnitXMLReporter -->
<testsuite ignored="0" hostname="LP-Dipali" failures="1" tests="1" name="Create Addon Without Tax" time="101.127" errors="0" timestamp="2024-08-02T04:25:15 GMT-04:00">
  <testcase classname="com.bookingzone.admin.FullPayment.TC001FullCardPayment" name="testCreateBookingPayViaCard" time="80.099">
    <failure type="java.lang.AssertionError" message="Test case failed due to exception: Expected condition failed: waiting for element to be clickable: Proxy element for: DefaultElementLocator &amp;apos;By.xpath: //select[@name=&amp;apos;status&amp;apos;]&amp;apos; (tried for 10 second(s) with 500 milliseconds interval)">
      <![CDATA[java.lang.AssertionError: Test case failed due to exception: Expected condition failed: waiting for element to be clickable: Proxy element for: DefaultElementLocator 'By.xpath: //select[@name='status']' (tried for 10 second(s) with 500 milliseconds interval)
at com.bookingzone.admin.FullPayment.TC001FullCardPayment.handleException(TC001FullCardPayment.java:188)
at com.bookingzone.admin.FullPayment.TC001FullCardPayment.testCreateBookingPayViaCard(TC001FullCardPayment.java:175)
at java.base/java.util.ArrayList.forEach(ArrayList.java:1511)
... Removed 28 stack frames]]>
    </failure>
  </testcase> <!-- testCreateBookingPayViaCard -->
</testsuite> <!-- Create Addon Without Tax -->
