<?xml version="1.0" encoding="UTF-8"?>
<!-- Generated by org.testng.reporters.JUnitXMLReporter -->
<testsuite ignored="0" hostname="LP-Dipali" failures="1" tests="1" name="Create Plan" time="136.202" errors="0" timestamp="2024-09-09T03:38:04 GMT-04:00">
  <testcase classname="com.bookingzone.admin.FullPayment.TC001FullCardPayment2" name="testCreateBookingPayViaCard" time="96.115">
    <failure type="java.lang.AssertionError" message="Status of the booking is expected [Successful] but found [Holding]">
      <![CDATA[java.lang.AssertionError: Status of the booking is expected [Successful] but found [Holding]
at com.bookingzone.admin.pages.StepperSummaryPage.verifyBookingStatus(StepperSummaryPage.java:74)
at com.bookingzone.admin.utils.PaymentActions.verifyBookingStatus(PaymentActions.java:74)
at com.bookingzone.admin.FullPayment.TC001FullCardPayment2.verifyBookingSuccess(TC001FullCardPayment2.java:118)
at com.bookingzone.admin.FullPayment.TC001FullCardPayment2.testCreateBookingPayViaCard(TC001FullCardPayment2.java:106)
at java.base/java.util.ArrayList.forEach(ArrayList.java:1511)
... Removed 32 stack frames]]>
    </failure>
  </testcase> <!-- testCreateBookingPayViaCard -->
</testsuite> <!-- Create Plan -->
