<?xml version="1.0" encoding="UTF-8"?>
<!-- Generated by org.testng.reporters.JUnitXMLReporter -->
<<<<<<< HEAD
<testsuite ignored="0" hostname="LP-Dipali" failures="0" tests="1" name="Edit_Item_MakePay_via_SaveCard" time="217.735" errors="0" timestamp="2024-03-27T07:09:09 GMT-04:00">
  <testcase classname="All_TestClasses.TC011_EditItem_with_Savecard_Info" name="Edit_Item_MakePay_via_SaveCard" time="192.503"/>
=======
<testsuite ignored="0" hostname="INNODEED" failures="1" tests="1" name="Edit_Item_MakePay_via_SaveCard" time="197.875" errors="0" timestamp="2023-08-03T01:18:19 GMT-04:00">
  <testcase classname="All_TestClasses.TestAdmin_EditItem_with_Savecard_Info2" name="Edit_Item_MakePay_via_SaveCard" time="132.461">
    <failure type="java.lang.AssertionError" message="expected [true] but found [false]">
      <![CDATA[java.lang.AssertionError: expected [true] but found [false]
at All_TestClasses.TestAdmin_EditItem_with_Savecard_Info2.Edit_Item_MakePay_via_SaveCard(TestAdmin_EditItem_with_Savecard_Info2.java:184)
at java.base/java.util.ArrayList.forEach(ArrayList.java:1511)
... Removed 34 stack frames]]>
    </failure>
  </testcase> <!-- Edit_Item_MakePay_via_SaveCard -->
>>>>>>> origin/master
</testsuite> <!-- Edit_Item_MakePay_via_SaveCard -->
